[INFO ] 2017-10-25 15:21:22.651 [JavaFX Application Thread] brainsBeerLogger - Adding new team.
[ERROR] 2017-10-25 15:21:22.686 [JavaFX Application Thread] brainsBeerLogger - Exception while handling team add button, e = For input string: ""
[INFO ] 2017-10-25 15:21:37.962 [JavaFX Application Thread] brainsBeerLogger - Adding new team.
[INFO ] 2017-10-25 15:21:37.962 [JavaFX Application Thread] brainsBeerLogger - Invalid team name
[INFO ] 2017-10-25 15:24:46.226 [JavaFX Application Thread] brainsBeerLogger - Adding new team.
[ERROR] 2017-10-25 15:24:46.228 [JavaFX Application Thread] brainsBeerLogger - Exception while handling team add button, e = For input string: ""
[INFO ] 2017-10-25 15:24:49.058 [JavaFX Application Thread] brainsBeerLogger - Adding new team.
[INFO ] 2017-10-25 15:24:49.059 [JavaFX Application Thread] brainsBeerLogger - Please add few members.
[INFO ] 2017-10-25 15:24:52.162 [JavaFX Application Thread] brainsBeerLogger - Adding new team.
[INFO ] 2017-10-25 15:25:01.818 [JavaFX Application Thread] brainsBeerLogger - Adding new team.
[INFO ] 2017-10-25 15:30:21.976 [JavaFX Application Thread] brainsBeerLogger - Adding new team.
[ERROR] 2017-10-25 15:30:21.978 [JavaFX Application Thread] brainsBeerLogger - Exception while adding a team, e = For input string: ""
[INFO ] 2017-10-25 15:30:32.040 [JavaFX Application Thread] brainsBeerLogger - Adding new team.
[ERROR] 2017-10-25 15:30:32.218 [JavaFX Application Thread] brainsBeerLogger - Exception while adding a team, e = Please add few members.
[INFO ] 2017-10-25 15:30:37.265 [JavaFX Application Thread] brainsBeerLogger - Adding new team.
[INFO ] 2017-10-25 15:30:39.248 [JavaFX Application Thread] brainsBeerLogger - Adding new team.
[ERROR] 2017-10-25 15:30:39.254 [JavaFX Application Thread] brainsBeerLogger - Exception while adding a team, e = Team Žafarė already exists
[INFO ] 2017-10-25 15:30:42.408 [JavaFX Application Thread] brainsBeerLogger - Adding new team.
[ERROR] 2017-10-25 15:30:42.410 [JavaFX Application Thread] brainsBeerLogger - Exception while adding a team, e = Team Žafarė already exists
[INFO ] 2017-10-25 15:30:43.008 [JavaFX Application Thread] brainsBeerLogger - Adding new team.
[ERROR] 2017-10-25 15:30:43.009 [JavaFX Application Thread] brainsBeerLogger - Exception while adding a team, e = Team Žafarė already exists
[INFO ] 2017-10-25 15:30:43.233 [JavaFX Application Thread] brainsBeerLogger - Adding new team.
[ERROR] 2017-10-25 15:30:43.234 [JavaFX Application Thread] brainsBeerLogger - Exception while adding a team, e = Team Žafarė already exists
[INFO ] 2017-10-25 15:30:43.464 [JavaFX Application Thread] brainsBeerLogger - Adding new team.
[ERROR] 2017-10-25 15:30:43.466 [JavaFX Application Thread] brainsBeerLogger - Exception while adding a team, e = Team Žafarė already exists
[INFO ] 2017-10-25 15:30:43.648 [JavaFX Application Thread] brainsBeerLogger - Adding new team.
[ERROR] 2017-10-25 15:30:43.650 [JavaFX Application Thread] brainsBeerLogger - Exception while adding a team, e = Team Žafarė already exists
[INFO ] 2017-10-25 15:31:50.544 [JavaFX Application Thread] brainsBeerLogger - Adding new team.
[ERROR] 2017-10-25 15:31:50.545 [JavaFX Application Thread] brainsBeerLogger - Exception while adding a team, e = Team Žafarė already exists
[INFO ] 2017-10-25 16:19:12.522 [JavaFX Application Thread] brainsBeerLogger - Adding new team.
[ERROR] 2017-10-25 16:19:12.523 [JavaFX Application Thread] brainsBeerLogger - Exception while adding a team, e = For input string: ""
[ERROR] 2017-10-25 16:19:12.562 [JavaFX Application Thread] brainsBeerLogger - Exception while displaying Message Window, e = null
java.lang.NullPointerException: null
	at com.araknas.brains_beer.controllers.MessageWindowController.createNewMessageWindowAndDisplay(MessageWindowController.java:85) ~[classes/:?]
	at com.araknas.brains_beer.controllers.MessageWindowController.displayMessageWindow(MessageWindowController.java:49) ~[classes/:?]
	at com.araknas.brains_beer.controllers.TeamsWindowController.handleAddTeamButtonClick(TeamsWindowController.java:111) ~[classes/:?]
	at sun.reflect.NativeMethodAccessorImpl.invoke0(Native Method) ~[?:1.8.0_60]
	at sun.reflect.NativeMethodAccessorImpl.invoke(NativeMethodAccessorImpl.java:62) ~[?:1.8.0_60]
	at sun.reflect.DelegatingMethodAccessorImpl.invoke(DelegatingMethodAccessorImpl.java:43) ~[?:1.8.0_60]
	at java.lang.reflect.Method.invoke(Method.java:497) ~[?:1.8.0_60]
	at sun.reflect.misc.Trampoline.invoke(MethodUtil.java:71) ~[?:1.8.0_60]
	at sun.reflect.GeneratedMethodAccessor37.invoke(Unknown Source) ~[?:?]
	at sun.reflect.DelegatingMethodAccessorImpl.invoke(DelegatingMethodAccessorImpl.java:43) ~[?:1.8.0_60]
	at java.lang.reflect.Method.invoke(Method.java:497) ~[?:1.8.0_60]
	at sun.reflect.misc.MethodUtil.invoke(MethodUtil.java:275) ~[?:1.8.0_60]
	at javafx.fxml.FXMLLoader$MethodHandler.invoke(FXMLLoader.java:1771) ~[jfxrt.jar:?]
	at javafx.fxml.FXMLLoader$ControllerMethodEventHandler.handle(FXMLLoader.java:1657) ~[jfxrt.jar:?]
	at com.sun.javafx.event.CompositeEventHandler.dispatchBubblingEvent(CompositeEventHandler.java:86) ~[jfxrt.jar:?]
	at com.sun.javafx.event.EventHandlerManager.dispatchBubblingEvent(EventHandlerManager.java:238) ~[jfxrt.jar:?]
	at com.sun.javafx.event.EventHandlerManager.dispatchBubblingEvent(EventHandlerManager.java:191) ~[jfxrt.jar:?]
	at com.sun.javafx.event.CompositeEventDispatcher.dispatchBubblingEvent(CompositeEventDispatcher.java:59) ~[jfxrt.jar:?]
	at com.sun.javafx.event.BasicEventDispatcher.dispatchEvent(BasicEventDispatcher.java:58) ~[jfxrt.jar:?]
	at com.sun.javafx.event.EventDispatchChainImpl.dispatchEvent(EventDispatchChainImpl.java:114) ~[jfxrt.jar:?]
	at com.sun.javafx.event.BasicEventDispatcher.dispatchEvent(BasicEventDispatcher.java:56) ~[jfxrt.jar:?]
	at com.sun.javafx.event.EventDispatchChainImpl.dispatchEvent(EventDispatchChainImpl.java:114) ~[jfxrt.jar:?]
	at com.sun.javafx.event.BasicEventDispatcher.dispatchEvent(BasicEventDispatcher.java:56) ~[jfxrt.jar:?]
	at com.sun.javafx.event.EventDispatchChainImpl.dispatchEvent(EventDispatchChainImpl.java:114) ~[jfxrt.jar:?]
	at com.sun.javafx.event.BasicEventDispatcher.dispatchEvent(BasicEventDispatcher.java:56) ~[jfxrt.jar:?]
	at com.sun.javafx.event.EventDispatchChainImpl.dispatchEvent(EventDispatchChainImpl.java:114) ~[jfxrt.jar:?]
	at com.sun.javafx.event.EventUtil.fireEventImpl(EventUtil.java:74) ~[jfxrt.jar:?]
	at com.sun.javafx.event.EventUtil.fireEvent(EventUtil.java:49) ~[jfxrt.jar:?]
	at javafx.event.Event.fireEvent(Event.java:198) ~[jfxrt.jar:?]
	at javafx.scene.Node.fireEvent(Node.java:8411) ~[jfxrt.jar:?]
	at javafx.scene.control.Button.fire(Button.java:185) ~[jfxrt.jar:?]
	at com.sun.javafx.scene.control.behavior.ButtonBehavior.mouseReleased(ButtonBehavior.java:182) ~[jfxrt.jar:?]
	at com.sun.javafx.scene.control.skin.BehaviorSkinBase$1.handle(BehaviorSkinBase.java:96) ~[jfxrt.jar:?]
	at com.sun.javafx.scene.control.skin.BehaviorSkinBase$1.handle(BehaviorSkinBase.java:89) ~[jfxrt.jar:?]
	at com.sun.javafx.event.CompositeEventHandler$NormalEventHandlerRecord.handleBubblingEvent(CompositeEventHandler.java:218) ~[jfxrt.jar:?]
	at com.sun.javafx.event.CompositeEventHandler.dispatchBubblingEvent(CompositeEventHandler.java:80) ~[jfxrt.jar:?]
	at com.sun.javafx.event.EventHandlerManager.dispatchBubblingEvent(EventHandlerManager.java:238) ~[jfxrt.jar:?]
	at com.sun.javafx.event.EventHandlerManager.dispatchBubblingEvent(EventHandlerManager.java:191) ~[jfxrt.jar:?]
	at com.sun.javafx.event.CompositeEventDispatcher.dispatchBubblingEvent(CompositeEventDispatcher.java:59) ~[jfxrt.jar:?]
	at com.sun.javafx.event.BasicEventDispatcher.dispatchEvent(BasicEventDispatcher.java:58) ~[jfxrt.jar:?]
	at com.sun.javafx.event.EventDispatchChainImpl.dispatchEvent(EventDispatchChainImpl.java:114) ~[jfxrt.jar:?]
	at com.sun.javafx.event.BasicEventDispatcher.dispatchEvent(BasicEventDispatcher.java:56) ~[jfxrt.jar:?]
	at com.sun.javafx.event.EventDispatchChainImpl.dispatchEvent(EventDispatchChainImpl.java:114) ~[jfxrt.jar:?]
	at com.sun.javafx.event.BasicEventDispatcher.dispatchEvent(BasicEventDispatcher.java:56) ~[jfxrt.jar:?]
	at com.sun.javafx.event.EventDispatchChainImpl.dispatchEvent(EventDispatchChainImpl.java:114) ~[jfxrt.jar:?]
	at com.sun.javafx.event.BasicEventDispatcher.dispatchEvent(BasicEventDispatcher.java:56) ~[jfxrt.jar:?]
	at com.sun.javafx.event.EventDispatchChainImpl.dispatchEvent(EventDispatchChainImpl.java:114) ~[jfxrt.jar:?]
	at com.sun.javafx.event.EventUtil.fireEventImpl(EventUtil.java:74) ~[jfxrt.jar:?]
	at com.sun.javafx.event.EventUtil.fireEvent(EventUtil.java:54) ~[jfxrt.jar:?]
	at javafx.event.Event.fireEvent(Event.java:198) ~[jfxrt.jar:?]
	at javafx.scene.Scene$MouseHandler.process(Scene.java:3757) ~[jfxrt.jar:?]
	at javafx.scene.Scene$MouseHandler.access$1500(Scene.java:3485) ~[jfxrt.jar:?]
	at javafx.scene.Scene.impl_processMouseEvent(Scene.java:1762) ~[jfxrt.jar:?]
	at javafx.scene.Scene$ScenePeerListener.mouseEvent(Scene.java:2494) ~[jfxrt.jar:?]
	at com.sun.javafx.tk.quantum.GlassViewEventHandler$MouseEventNotification.run(GlassViewEventHandler.java:352) ~[jfxrt.jar:?]
	at com.sun.javafx.tk.quantum.GlassViewEventHandler$MouseEventNotification.run(GlassViewEventHandler.java:275) ~[jfxrt.jar:?]
	at java.security.AccessController.doPrivileged(Native Method) ~[?:1.8.0_60]
	at com.sun.javafx.tk.quantum.GlassViewEventHandler.lambda$handleMouseEvent$355(GlassViewEventHandler.java:388) ~[jfxrt.jar:?]
	at com.sun.javafx.tk.quantum.QuantumToolkit.runWithoutRenderLock(QuantumToolkit.java:389) ~[jfxrt.jar:?]
	at com.sun.javafx.tk.quantum.GlassViewEventHandler.handleMouseEvent(GlassViewEventHandler.java:387) ~[jfxrt.jar:?]
	at com.sun.glass.ui.View.handleMouseEvent(View.java:555) ~[jfxrt.jar:?]
	at com.sun.glass.ui.View.notifyMouse(View.java:937) ~[jfxrt.jar:?]
	at com.sun.glass.ui.win.WinApplication._runLoop(Native Method) ~[jfxrt.jar:?]
	at com.sun.glass.ui.win.WinApplication.lambda$null$149(WinApplication.java:191) ~[jfxrt.jar:?]
	at java.lang.Thread.run(Thread.java:745) [?:1.8.0_60]
[INFO ] 2017-10-25 16:19:56.441 [JavaFX Application Thread] brainsBeerLogger - Adding new team.
[ERROR] 2017-10-25 16:20:05.127 [JavaFX Application Thread] brainsBeerLogger - Exception while adding a team, e = For input string: ""
[INFO ] 2017-10-25 16:21:15.649 [JavaFX Application Thread] brainsBeerLogger - Adding new team.
[ERROR] 2017-10-25 16:21:19.361 [JavaFX Application Thread] brainsBeerLogger - Exception while adding a team, e = For input string: ""
[INFO ] 2017-10-25 16:23:13.633 [JavaFX Application Thread] brainsBeerLogger - Adding new team.
[ERROR] 2017-10-25 16:23:16.551 [JavaFX Application Thread] brainsBeerLogger - Exception while adding a team, e = For input string: ""
[INFO ] 2017-10-25 16:23:42.856 [JavaFX Application Thread] brainsBeerLogger - Adding new team.
[ERROR] 2017-10-25 16:23:42.857 [JavaFX Application Thread] brainsBeerLogger - Exception while adding a team, e = For input string: ""
[INFO ] 2017-10-25 16:23:44.880 [JavaFX Application Thread] brainsBeerLogger - Adding new team.
[ERROR] 2017-10-25 16:23:44.881 [JavaFX Application Thread] brainsBeerLogger - Exception while adding a team, e = For input string: ""
[INFO ] 2017-10-25 16:24:51.816 [JavaFX Application Thread] brainsBeerLogger - Adding new team.
[ERROR] 2017-10-25 16:24:51.818 [JavaFX Application Thread] brainsBeerLogger - Exception while adding a team, e = For input string: ""
[INFO ] 2017-10-25 16:26:19.079 [JavaFX Application Thread] brainsBeerLogger - Adding new team.
[ERROR] 2017-10-25 16:26:19.081 [JavaFX Application Thread] brainsBeerLogger - Exception while adding a team, e = For input string: ""
[INFO ] 2017-10-25 16:26:20.927 [JavaFX Application Thread] brainsBeerLogger - Adding new team.
[ERROR] 2017-10-25 16:26:20.928 [JavaFX Application Thread] brainsBeerLogger - Exception while adding a team, e = For input string: ""
[INFO ] 2017-10-25 16:26:28.496 [JavaFX Application Thread] brainsBeerLogger - Adding new team.
[ERROR] 2017-10-25 16:26:28.496 [JavaFX Application Thread] brainsBeerLogger - Exception while adding a team, e = For input string: ""
[INFO ] 2017-10-25 16:26:29.232 [JavaFX Application Thread] brainsBeerLogger - Adding new team.
[ERROR] 2017-10-25 16:26:29.232 [JavaFX Application Thread] brainsBeerLogger - Exception while adding a team, e = For input string: ""
[INFO ] 2017-10-25 16:26:29.439 [JavaFX Application Thread] brainsBeerLogger - Adding new team.
[ERROR] 2017-10-25 16:26:29.439 [JavaFX Application Thread] brainsBeerLogger - Exception while adding a team, e = For input string: ""
[INFO ] 2017-10-25 16:26:29.647 [JavaFX Application Thread] brainsBeerLogger - Adding new team.
[ERROR] 2017-10-25 16:26:29.647 [JavaFX Application Thread] brainsBeerLogger - Exception while adding a team, e = For input string: ""
[INFO ] 2017-10-25 16:26:29.879 [JavaFX Application Thread] brainsBeerLogger - Adding new team.
[ERROR] 2017-10-25 16:26:29.879 [JavaFX Application Thread] brainsBeerLogger - Exception while adding a team, e = For input string: ""
[INFO ] 2017-10-25 16:26:30.095 [JavaFX Application Thread] brainsBeerLogger - Adding new team.
[ERROR] 2017-10-25 16:26:30.095 [JavaFX Application Thread] brainsBeerLogger - Exception while adding a team, e = For input string: ""
[INFO ] 2017-10-25 16:26:30.303 [JavaFX Application Thread] brainsBeerLogger - Adding new team.
[ERROR] 2017-10-25 16:26:30.303 [JavaFX Application Thread] brainsBeerLogger - Exception while adding a team, e = For input string: ""
[INFO ] 2017-10-25 16:26:57.783 [JavaFX Application Thread] brainsBeerLogger - Adding new team.
[ERROR] 2017-10-25 16:26:57.783 [JavaFX Application Thread] brainsBeerLogger - Exception while adding a team, e = For input string: ""
[INFO ] 2017-10-25 16:27:06.167 [JavaFX Application Thread] brainsBeerLogger - Adding new team.
[ERROR] 2017-10-25 16:27:06.167 [JavaFX Application Thread] brainsBeerLogger - Exception while adding a team, e = For input string: ""
[INFO ] 2017-10-25 16:27:07.302 [JavaFX Application Thread] brainsBeerLogger - Adding new team.
[ERROR] 2017-10-25 16:27:07.303 [JavaFX Application Thread] brainsBeerLogger - Exception while adding a team, e = For input string: ""
[INFO ] 2017-10-25 16:27:08.279 [JavaFX Application Thread] brainsBeerLogger - Adding new team.
[ERROR] 2017-10-25 16:27:08.279 [JavaFX Application Thread] brainsBeerLogger - Exception while adding a team, e = For input string: ""
[INFO ] 2017-10-25 16:27:21.871 [JavaFX Application Thread] brainsBeerLogger - Adding new team.
[INFO ] 2017-10-25 16:27:26.775 [JavaFX Application Thread] brainsBeerLogger - Adding new team.
[ERROR] 2017-10-25 16:27:26.781 [JavaFX Application Thread] brainsBeerLogger - Exception while adding a team, e = Team žagarėlis already exists
[INFO ] 2017-10-25 16:27:34.278 [JavaFX Application Thread] brainsBeerLogger - Adding new team.
[ERROR] 2017-10-25 16:27:34.280 [JavaFX Application Thread] brainsBeerLogger - Exception while adding a team, e = Team žagarėlis already exists
[INFO ] 2017-10-25 16:27:37.303 [JavaFX Application Thread] brainsBeerLogger - Adding new team.
[ERROR] 2017-10-25 16:27:37.305 [JavaFX Application Thread] brainsBeerLogger - Exception while adding a team, e = Team žagarėlis already exists
[INFO ] 2017-10-25 16:27:41.686 [JavaFX Application Thread] brainsBeerLogger - Adding new team.
[ERROR] 2017-10-25 16:27:41.688 [JavaFX Application Thread] brainsBeerLogger - Exception while adding a team, e = Please add few members.
[INFO ] 2017-10-25 16:27:44.159 [JavaFX Application Thread] brainsBeerLogger - Adding new team.
[ERROR] 2017-10-25 16:27:44.160 [JavaFX Application Thread] brainsBeerLogger - Exception while adding a team, e = Please add few members.
[INFO ] 2017-10-25 16:29:10.015 [JavaFX Application Thread] brainsBeerLogger - Adding new team.
[ERROR] 2017-10-25 16:29:10.017 [JavaFX Application Thread] brainsBeerLogger - Exception while adding a team, e = For input string: ""
[INFO ] 2017-10-25 16:29:26.592 [JavaFX Application Thread] brainsBeerLogger - Adding new team.
[ERROR] 2017-10-25 16:29:26.592 [JavaFX Application Thread] brainsBeerLogger - Exception while adding a team, e = For input string: ""
[INFO ] 2017-10-25 16:29:27.223 [JavaFX Application Thread] brainsBeerLogger - Adding new team.
[ERROR] 2017-10-25 16:29:27.223 [JavaFX Application Thread] brainsBeerLogger - Exception while adding a team, e = For input string: ""
[INFO ] 2017-10-25 16:29:27.742 [JavaFX Application Thread] brainsBeerLogger - Adding new team.
[ERROR] 2017-10-25 16:29:27.742 [JavaFX Application Thread] brainsBeerLogger - Exception while adding a team, e = For input string: ""
[INFO ] 2017-10-25 16:29:28.182 [JavaFX Application Thread] brainsBeerLogger - Adding new team.
[ERROR] 2017-10-25 16:29:28.183 [JavaFX Application Thread] brainsBeerLogger - Exception while adding a team, e = For input string: ""
[INFO ] 2017-10-25 16:29:36.926 [JavaFX Application Thread] brainsBeerLogger - Adding new team.
[ERROR] 2017-10-25 16:29:36.927 [JavaFX Application Thread] brainsBeerLogger - Exception while adding a team, e = For input string: ""
[INFO ] 2017-10-25 16:29:37.470 [JavaFX Application Thread] brainsBeerLogger - Adding new team.
[ERROR] 2017-10-25 16:29:37.471 [JavaFX Application Thread] brainsBeerLogger - Exception while adding a team, e = For input string: ""
[INFO ] 2017-10-25 16:31:32.046 [JavaFX Application Thread] brainsBeerLogger - Adding new team.
[ERROR] 2017-10-25 16:31:32.047 [JavaFX Application Thread] brainsBeerLogger - Exception while adding a team, e = For input string: ""
[INFO ] 2017-10-25 16:31:39.918 [JavaFX Application Thread] brainsBeerLogger - Adding new team.
[ERROR] 2017-10-25 16:31:39.918 [JavaFX Application Thread] brainsBeerLogger - Exception while adding a team, e = For input string: ""
[INFO ] 2017-10-25 16:31:41.262 [JavaFX Application Thread] brainsBeerLogger - Adding new team.
[ERROR] 2017-10-25 16:31:41.262 [JavaFX Application Thread] brainsBeerLogger - Exception while adding a team, e = For input string: ""
[INFO ] 2017-10-25 16:31:44.950 [JavaFX Application Thread] brainsBeerLogger - Adding new team.
[ERROR] 2017-10-25 16:31:44.950 [JavaFX Application Thread] brainsBeerLogger - Exception while adding a team, e = For input string: ""
[INFO ] 2017-10-25 16:31:46.517 [JavaFX Application Thread] brainsBeerLogger - Adding new team.
[ERROR] 2017-10-25 16:31:46.517 [JavaFX Application Thread] brainsBeerLogger - Exception while adding a team, e = For input string: ""
[INFO ] 2017-10-25 16:31:47.542 [JavaFX Application Thread] brainsBeerLogger - Adding new team.
[ERROR] 2017-10-25 16:31:47.542 [JavaFX Application Thread] brainsBeerLogger - Exception while adding a team, e = For input string: ""
[INFO ] 2017-10-25 16:31:48.966 [JavaFX Application Thread] brainsBeerLogger - Adding new team.
[ERROR] 2017-10-25 16:31:48.966 [JavaFX Application Thread] brainsBeerLogger - Exception while adding a team, e = For input string: ""
[INFO ] 2017-10-25 16:31:51.414 [JavaFX Application Thread] brainsBeerLogger - Adding new team.
[ERROR] 2017-10-25 16:31:51.414 [JavaFX Application Thread] brainsBeerLogger - Exception while adding a team, e = For input string: ""
[INFO ] 2017-10-25 16:31:55.805 [JavaFX Application Thread] brainsBeerLogger - Adding new team.
[ERROR] 2017-10-25 16:31:55.806 [JavaFX Application Thread] brainsBeerLogger - Exception while adding a team, e = For input string: ""
[INFO ] 2017-10-25 16:31:57.341 [JavaFX Application Thread] brainsBeerLogger - Adding new team.
[ERROR] 2017-10-25 16:31:57.341 [JavaFX Application Thread] brainsBeerLogger - Exception while adding a team, e = For input string: ""
[INFO ] 2017-10-25 16:39:13.332 [JavaFX Application Thread] brainsBeerLogger - Adding new team.
[ERROR] 2017-10-25 16:39:13.333 [JavaFX Application Thread] brainsBeerLogger - Exception while adding a team, e = For input string: ""
[INFO ] 2017-10-25 16:39:15.635 [JavaFX Application Thread] brainsBeerLogger - Adding new team.
[ERROR] 2017-10-25 16:39:15.636 [JavaFX Application Thread] brainsBeerLogger - Exception while adding a team, e = For input string: ""
[INFO ] 2017-10-25 16:39:19.716 [JavaFX Application Thread] brainsBeerLogger - Adding new team.
[ERROR] 2017-10-25 16:39:19.716 [JavaFX Application Thread] brainsBeerLogger - Exception while adding a team, e = For input string: ""
[INFO ] 2017-10-25 16:39:22.947 [JavaFX Application Thread] brainsBeerLogger - Adding new team.
[ERROR] 2017-10-25 16:39:22.947 [JavaFX Application Thread] brainsBeerLogger - Exception while adding a team, e = For input string: ""
[INFO ] 2017-10-25 16:39:24.051 [JavaFX Application Thread] brainsBeerLogger - Adding new team.
[ERROR] 2017-10-25 16:39:24.051 [JavaFX Application Thread] brainsBeerLogger - Exception while adding a team, e = For input string: ""
[INFO ] 2017-10-25 16:39:26.540 [JavaFX Application Thread] brainsBeerLogger - Adding new team.
[ERROR] 2017-10-25 16:39:26.540 [JavaFX Application Thread] brainsBeerLogger - Exception while adding a team, e = For input string: ""
[INFO ] 2017-10-25 16:39:27.811 [JavaFX Application Thread] brainsBeerLogger - Adding new team.
[ERROR] 2017-10-25 16:39:27.812 [JavaFX Application Thread] brainsBeerLogger - Exception while adding a team, e = For input string: ""
[INFO ] 2017-10-25 16:39:30.419 [JavaFX Application Thread] brainsBeerLogger - Adding new team.
[ERROR] 2017-10-25 16:39:30.419 [JavaFX Application Thread] brainsBeerLogger - Exception while adding a team, e = For input string: ""
[INFO ] 2017-10-25 16:39:32.035 [JavaFX Application Thread] brainsBeerLogger - Adding new team.
[ERROR] 2017-10-25 16:39:32.036 [JavaFX Application Thread] brainsBeerLogger - Exception while adding a team, e = For input string: ""
[INFO ] 2017-10-25 16:42:49.634 [JavaFX Application Thread] brainsBeerLogger - Adding new team.
[ERROR] 2017-10-25 16:42:49.635 [JavaFX Application Thread] brainsBeerLogger - Exception while adding a team, e = For input string: ""
[INFO ] 2017-10-25 16:43:55.098 [JavaFX Application Thread] brainsBeerLogger - Adding new team.
[ERROR] 2017-10-25 16:43:55.098 [JavaFX Application Thread] brainsBeerLogger - Exception while adding a team, e = For input string: ""
[INFO ] 2017-10-25 16:43:56.778 [JavaFX Application Thread] brainsBeerLogger - Adding new team.
[ERROR] 2017-10-25 16:43:56.778 [JavaFX Application Thread] brainsBeerLogger - Exception while adding a team, e = For input string: ""
[INFO ] 2017-10-25 16:44:01.987 [JavaFX Application Thread] brainsBeerLogger - Adding new team.
[ERROR] 2017-10-25 16:44:01.987 [JavaFX Application Thread] brainsBeerLogger - Exception while adding a team, e = For input string: ""
[INFO ] 2017-10-25 16:44:12.250 [JavaFX Application Thread] brainsBeerLogger - Adding new team.
[ERROR] 2017-10-25 16:44:12.250 [JavaFX Application Thread] brainsBeerLogger - Exception while adding a team, e = For input string: ""
[INFO ] 2017-10-25 16:44:15.602 [JavaFX Application Thread] brainsBeerLogger - Adding new team.
[ERROR] 2017-10-25 16:44:15.602 [JavaFX Application Thread] brainsBeerLogger - Exception while adding a team, e = For input string: ""
[INFO ] 2017-10-25 17:01:07.420 [JavaFX Application Thread] brainsBeerLogger - Adding new team.
[ERROR] 2017-10-25 17:01:07.422 [JavaFX Application Thread] brainsBeerLogger - Exception while adding a team, e = For input string: ""
[INFO ] 2017-10-25 17:01:11.727 [JavaFX Application Thread] brainsBeerLogger - Adding new team.
[ERROR] 2017-10-25 17:01:11.911 [JavaFX Application Thread] brainsBeerLogger - Exception while adding a team, e = Please add few members.
[INFO ] 2017-10-25 17:01:17.773 [JavaFX Application Thread] brainsBeerLogger - Adding new team.
[INFO ] 2017-10-25 17:01:28.677 [JavaFX Application Thread] brainsBeerLogger - Adding new team.
[ERROR] 2017-10-25 17:01:28.683 [JavaFX Application Thread] brainsBeerLogger - Exception while adding a team, e = Team 87878 already exists
