[INFO ] 2017-10-26 10:42:55.979 [JavaFX Application Thread] brainsBeerLogger - Adding new team.
[ERROR] 2017-10-26 10:42:55.990 [JavaFX Application Thread] brainsBeerLogger - Exception while adding a team, e = For input string: ""
[INFO ] 2017-10-26 10:43:02.066 [JavaFX Application Thread] brainsBeerLogger - Adding new team.
[INFO ] 2017-10-26 10:43:04.795 [JavaFX Application Thread] brainsBeerLogger - Adding new team.
[ERROR] 2017-10-26 10:43:04.796 [JavaFX Application Thread] brainsBeerLogger - Exception while adding a team, e = Team asdada already exists
[INFO ] 2017-10-26 10:43:06.954 [JavaFX Application Thread] brainsBeerLogger - Adding new team.
[ERROR] 2017-10-26 10:43:06.956 [JavaFX Application Thread] brainsBeerLogger - Exception while adding a team, e = Team asdada already exists
[INFO ] 2017-10-26 10:43:08.954 [JavaFX Application Thread] brainsBeerLogger - Adding new team.
[INFO ] 2017-10-26 10:43:10.666 [JavaFX Application Thread] brainsBeerLogger - Adding new team.
[INFO ] 2017-10-26 10:43:33.674 [JavaFX Application Thread] brainsBeerLogger - Adding new team.
[ERROR] 2017-10-26 10:43:33.676 [JavaFX Application Thread] brainsBeerLogger - Exception while adding a team, e = Team asdada45 already exists
[INFO ] 2017-10-26 10:43:37.602 [JavaFX Application Thread] brainsBeerLogger - Adding new team.
[INFO ] 2017-10-26 10:43:42.954 [JavaFX Application Thread] brainsBeerLogger - Adding new team.
[INFO ] 2017-10-26 10:43:46.130 [JavaFX Application Thread] brainsBeerLogger - Adding new team.
[INFO ] 2017-10-26 10:45:04.490 [JavaFX Application Thread] brainsBeerLogger - Adding new team.
[INFO ] 2017-10-26 10:45:08.122 [JavaFX Application Thread] brainsBeerLogger - Adding new team.
[INFO ] 2017-10-26 10:45:10.937 [JavaFX Application Thread] brainsBeerLogger - Adding new team.
[INFO ] 2017-10-26 10:45:12.498 [JavaFX Application Thread] brainsBeerLogger - Adding new team.
[INFO ] 2017-10-26 10:45:13.842 [JavaFX Application Thread] brainsBeerLogger - Adding new team.
[INFO ] 2017-10-26 10:45:17.945 [JavaFX Application Thread] brainsBeerLogger - Adding new team.
[ERROR] 2017-10-26 10:45:17.947 [JavaFX Application Thread] brainsBeerLogger - Exception while adding a team, e = Team Labas1234 already exists
[INFO ] 2017-10-26 10:45:27.298 [JavaFX Application Thread] brainsBeerLogger - Adding new team.
[INFO ] 2017-10-26 10:53:34.959 [JavaFX Application Thread] brainsBeerLogger - Adding new team.
[INFO ] 2017-10-26 10:53:38.135 [JavaFX Application Thread] brainsBeerLogger - Adding new team.
[INFO ] 2017-10-26 10:53:41.464 [JavaFX Application Thread] brainsBeerLogger - Deleting team.
[ERROR] 2017-10-26 10:53:41.465 [JavaFX Application Thread] brainsBeerLogger - Exception while deleting a team, e = Cannot find this team in the database.
[INFO ] 2017-10-26 10:53:49.455 [JavaFX Application Thread] brainsBeerLogger - Deleting team.
[INFO ] 2017-10-26 10:53:58.119 [JavaFX Application Thread] brainsBeerLogger - Deleting team.
[ERROR] 2017-10-26 10:53:58.120 [JavaFX Application Thread] brainsBeerLogger - Exception while deleting a team, e = Cannot find this team in the database.
[INFO ] 2017-10-26 10:54:00.039 [JavaFX Application Thread] brainsBeerLogger - Deleting team.
[ERROR] 2017-10-26 10:54:00.040 [JavaFX Application Thread] brainsBeerLogger - Exception while deleting a team, e = Cannot find this team in the database.
[INFO ] 2017-10-26 10:54:02.615 [JavaFX Application Thread] brainsBeerLogger - Adding new team.
[ERROR] 2017-10-26 10:54:02.615 [JavaFX Application Thread] brainsBeerLogger - Exception while adding a team, e = For input string: ""
[INFO ] 2017-10-26 11:37:25.256 [JavaFX Application Thread] brainsBeerLogger - Adding new team.
[INFO ] 2017-10-26 11:37:29.312 [JavaFX Application Thread] brainsBeerLogger - Adding new game.
[INFO ] 2017-10-26 11:37:39.719 [JavaFX Application Thread] brainsBeerLogger - Adding new game.
[ERROR] 2017-10-26 11:37:39.721 [JavaFX Application Thread] brainsBeerLogger - Exception while adding a game, e =Game adasdasd already exists
[INFO ] 2017-10-26 11:37:58.720 [JavaFX Application Thread] brainsBeerLogger - Adding new game.
[ERROR] 2017-10-26 11:37:58.721 [JavaFX Application Thread] brainsBeerLogger - Exception while adding a game, e =Game adasdasd already exists
[INFO ] 2017-10-26 11:38:01.560 [JavaFX Application Thread] brainsBeerLogger - Adding new game.
[INFO ] 2017-10-26 11:38:04.151 [JavaFX Application Thread] brainsBeerLogger - Adding new game.
[INFO ] 2017-10-26 12:37:43.821 [JavaFX Application Thread] brainsBeerLogger - Deleting team.
[INFO ] 2017-10-26 12:37:45.581 [JavaFX Application Thread] brainsBeerLogger - Deleting team.
[ERROR] 2017-10-26 12:37:45.584 [JavaFX Application Thread] brainsBeerLogger - Exception while deleting a game, e = Cannot find this game in the database.
[INFO ] 2017-10-26 12:37:47.806 [JavaFX Application Thread] brainsBeerLogger - Deleting team.
[ERROR] 2017-10-26 12:37:47.808 [JavaFX Application Thread] brainsBeerLogger - Exception while deleting a game, e = Cannot find this game in the database.
[INFO ] 2017-10-26 12:37:50.326 [JavaFX Application Thread] brainsBeerLogger - Deleting team.
[ERROR] 2017-10-26 12:37:50.327 [JavaFX Application Thread] brainsBeerLogger - Exception while deleting a game, e = Cannot find this game in the database.
[INFO ] 2017-10-26 13:14:54.154 [JavaFX-Launcher] brainsBeerLogger - Loading test data...
[INFO ] 2017-10-26 13:14:55.127 [JavaFX-Launcher] brainsBeerLogger - Loading test teams data...
[INFO ] 2017-10-26 13:14:58.625 [JavaFX-Launcher] brainsBeerLogger - Loading test games...
[INFO ] 2017-10-26 13:15:25.394 [JavaFX Application Thread] brainsBeerLogger - Deleting team.
[ERROR] 2017-10-26 13:15:25.431 [JavaFX Application Thread] brainsBeerLogger - Exception while deleting a team, e = Cannot find this team in the database.
[INFO ] 2017-10-26 13:15:30.034 [JavaFX Application Thread] brainsBeerLogger - Deleting team.
[ERROR] 2017-10-26 13:15:30.036 [JavaFX Application Thread] brainsBeerLogger - Exception while deleting a team, e = Cannot find this team in the database.
[INFO ] 2017-10-26 13:15:34.778 [JavaFX Application Thread] brainsBeerLogger - Deleting team.
[INFO ] 2017-10-26 13:19:12.177 [JavaFX Application Thread] brainsBeerLogger - Adding new team.
[ERROR] 2017-10-26 13:19:12.177 [JavaFX Application Thread] brainsBeerLogger - Exception while adding a team, e = For input string: ""
[INFO ] 2017-10-26 13:19:17.193 [JavaFX Application Thread] brainsBeerLogger - Adding new team.
[INFO ] 2017-10-26 13:19:19.065 [JavaFX Application Thread] brainsBeerLogger - Deleting team.
[INFO ] 2017-10-26 13:19:19.929 [JavaFX Application Thread] brainsBeerLogger - Adding new team.
[INFO ] 2017-10-26 13:19:20.401 [JavaFX Application Thread] brainsBeerLogger - Deleting team.
[INFO ] 2017-10-26 13:19:20.881 [JavaFX Application Thread] brainsBeerLogger - Adding new team.
[INFO ] 2017-10-26 13:19:21.289 [JavaFX Application Thread] brainsBeerLogger - Deleting team.
[INFO ] 2017-10-26 13:19:21.777 [JavaFX Application Thread] brainsBeerLogger - Adding new team.
[INFO ] 2017-10-26 13:19:22.265 [JavaFX Application Thread] brainsBeerLogger - Adding new team.
[ERROR] 2017-10-26 13:19:22.267 [JavaFX Application Thread] brainsBeerLogger - Exception while adding a team, e = Team Kukurūzai already exists
[INFO ] 2017-10-26 13:23:05.481 [JavaFX-Launcher] brainsBeerLogger - Loading test data...
[INFO ] 2017-10-26 13:23:05.482 [JavaFX-Launcher] brainsBeerLogger - Loading test teams data...
[INFO ] 2017-10-26 13:23:05.526 [JavaFX-Launcher] brainsBeerLogger - Loading test games...
[INFO ] 2017-10-26 13:23:50.095 [JavaFX Application Thread] brainsBeerLogger - Deleting team.
[ERROR] 2017-10-26 13:23:50.122 [JavaFX Application Thread] brainsBeerLogger - Exception while deleting a team, e = Cannot find this team in the database.
[INFO ] 2017-10-26 14:32:18.852 [JavaFX-Launcher] brainsBeerLogger - Loading test data...
[INFO ] 2017-10-26 14:32:18.853 [JavaFX-Launcher] brainsBeerLogger - Loading test teams data...
[INFO ] 2017-10-26 14:32:18.903 [JavaFX-Launcher] brainsBeerLogger - Loading test games...
[ERROR] 2017-10-26 14:32:19.423 [JavaFX Application Thread] brainsBeerLogger - Exception while updating Team list cells, e = null
[ERROR] 2017-10-26 14:32:19.431 [JavaFX Application Thread] brainsBeerLogger - Exception while updating Team list cells, e = null
[ERROR] 2017-10-26 14:32:19.437 [JavaFX Application Thread] brainsBeerLogger - Exception while updating Team list cells, e = null
[ERROR] 2017-10-26 14:32:19.444 [JavaFX Application Thread] brainsBeerLogger - Exception while updating Team list cells, e = null
[ERROR] 2017-10-26 14:32:19.449 [JavaFX Application Thread] brainsBeerLogger - Exception while updating Team list cells, e = null
[ERROR] 2017-10-26 14:32:19.455 [JavaFX Application Thread] brainsBeerLogger - Exception while updating Team list cells, e = null
[ERROR] 2017-10-26 14:32:19.461 [JavaFX Application Thread] brainsBeerLogger - Exception while updating Team list cells, e = null
[ERROR] 2017-10-26 14:32:26.560 [JavaFX Application Thread] brainsBeerLogger - Exception while updating Team list cells, e = null
[ERROR] 2017-10-26 14:32:26.580 [JavaFX Application Thread] brainsBeerLogger - Exception while updating Team list cells, e = null
[ERROR] 2017-10-26 14:32:26.588 [JavaFX Application Thread] brainsBeerLogger - Exception while updating Team list cells, e = null
[ERROR] 2017-10-26 14:32:26.588 [JavaFX Application Thread] brainsBeerLogger - Exception while updating Team list cells, e = null
[ERROR] 2017-10-26 14:32:26.589 [JavaFX Application Thread] brainsBeerLogger - Exception while updating Team list cells, e = null
[ERROR] 2017-10-26 14:32:26.589 [JavaFX Application Thread] brainsBeerLogger - Exception while updating Team list cells, e = null
[ERROR] 2017-10-26 14:32:26.589 [JavaFX Application Thread] brainsBeerLogger - Exception while updating Team list cells, e = null
[ERROR] 2017-10-26 14:32:26.589 [JavaFX Application Thread] brainsBeerLogger - Exception while updating Team list cells, e = null
[ERROR] 2017-10-26 14:32:26.811 [JavaFX Application Thread] brainsBeerLogger - Exception while updating Team list cells, e = null
[ERROR] 2017-10-26 14:32:26.811 [JavaFX Application Thread] brainsBeerLogger - Exception while updating Team list cells, e = null
[ERROR] 2017-10-26 14:32:26.842 [JavaFX Application Thread] brainsBeerLogger - Exception while updating Team list cells, e = null
[ERROR] 2017-10-26 14:32:26.842 [JavaFX Application Thread] brainsBeerLogger - Exception while updating Team list cells, e = null
[ERROR] 2017-10-26 14:32:26.859 [JavaFX Application Thread] brainsBeerLogger - Exception while updating Team list cells, e = null
[ERROR] 2017-10-26 14:32:26.859 [JavaFX Application Thread] brainsBeerLogger - Exception while updating Team list cells, e = null
[ERROR] 2017-10-26 14:32:27.004 [JavaFX Application Thread] brainsBeerLogger - Exception while updating Team list cells, e = null
[ERROR] 2017-10-26 14:32:27.012 [JavaFX Application Thread] brainsBeerLogger - Exception while updating Team list cells, e = null
[ERROR] 2017-10-26 14:32:27.013 [JavaFX Application Thread] brainsBeerLogger - Exception while updating Team list cells, e = null
[ERROR] 2017-10-26 14:32:27.020 [JavaFX Application Thread] brainsBeerLogger - Exception while updating Team list cells, e = null
[ERROR] 2017-10-26 14:32:27.021 [JavaFX Application Thread] brainsBeerLogger - Exception while updating Team list cells, e = null
[ERROR] 2017-10-26 14:32:27.131 [JavaFX Application Thread] brainsBeerLogger - Exception while updating Team list cells, e = null
[ERROR] 2017-10-26 14:32:27.139 [JavaFX Application Thread] brainsBeerLogger - Exception while updating Team list cells, e = null
[ERROR] 2017-10-26 14:32:27.139 [JavaFX Application Thread] brainsBeerLogger - Exception while updating Team list cells, e = null
[ERROR] 2017-10-26 14:32:27.155 [JavaFX Application Thread] brainsBeerLogger - Exception while updating Team list cells, e = null
[ERROR] 2017-10-26 14:32:27.155 [JavaFX Application Thread] brainsBeerLogger - Exception while updating Team list cells, e = null
[ERROR] 2017-10-26 14:32:27.228 [JavaFX Application Thread] brainsBeerLogger - Exception while updating Team list cells, e = null
[ERROR] 2017-10-26 14:32:27.236 [JavaFX Application Thread] brainsBeerLogger - Exception while updating Team list cells, e = null
[ERROR] 2017-10-26 14:32:27.237 [JavaFX Application Thread] brainsBeerLogger - Exception while updating Team list cells, e = null
[ERROR] 2017-10-26 14:32:27.251 [JavaFX Application Thread] brainsBeerLogger - Exception while updating Team list cells, e = null
[ERROR] 2017-10-26 14:32:27.251 [JavaFX Application Thread] brainsBeerLogger - Exception while updating Team list cells, e = null
[ERROR] 2017-10-26 14:32:27.323 [JavaFX Application Thread] brainsBeerLogger - Exception while updating Team list cells, e = null
[ERROR] 2017-10-26 14:32:27.331 [JavaFX Application Thread] brainsBeerLogger - Exception while updating Team list cells, e = null
[ERROR] 2017-10-26 14:32:27.331 [JavaFX Application Thread] brainsBeerLogger - Exception while updating Team list cells, e = null
[ERROR] 2017-10-26 14:32:27.348 [JavaFX Application Thread] brainsBeerLogger - Exception while updating Team list cells, e = null
[ERROR] 2017-10-26 14:32:27.349 [JavaFX Application Thread] brainsBeerLogger - Exception while updating Team list cells, e = null
[ERROR] 2017-10-26 14:32:27.420 [JavaFX Application Thread] brainsBeerLogger - Exception while updating Team list cells, e = null
[ERROR] 2017-10-26 14:32:27.436 [JavaFX Application Thread] brainsBeerLogger - Exception while updating Team list cells, e = null
[ERROR] 2017-10-26 14:32:27.436 [JavaFX Application Thread] brainsBeerLogger - Exception while updating Team list cells, e = null
[ERROR] 2017-10-26 14:32:27.452 [JavaFX Application Thread] brainsBeerLogger - Exception while updating Team list cells, e = null
[ERROR] 2017-10-26 14:32:27.453 [JavaFX Application Thread] brainsBeerLogger - Exception while updating Team list cells, e = null
[ERROR] 2017-10-26 14:32:27.531 [JavaFX Application Thread] brainsBeerLogger - Exception while updating Team list cells, e = null
[ERROR] 2017-10-26 14:32:27.539 [JavaFX Application Thread] brainsBeerLogger - Exception while updating Team list cells, e = null
[ERROR] 2017-10-26 14:32:27.539 [JavaFX Application Thread] brainsBeerLogger - Exception while updating Team list cells, e = null
[ERROR] 2017-10-26 14:32:27.555 [JavaFX Application Thread] brainsBeerLogger - Exception while updating Team list cells, e = null
[ERROR] 2017-10-26 14:32:27.555 [JavaFX Application Thread] brainsBeerLogger - Exception while updating Team list cells, e = null
[ERROR] 2017-10-26 14:32:27.707 [JavaFX Application Thread] brainsBeerLogger - Exception while updating Team list cells, e = null
[ERROR] 2017-10-26 14:32:27.723 [JavaFX Application Thread] brainsBeerLogger - Exception while updating Team list cells, e = null
[ERROR] 2017-10-26 14:32:27.723 [JavaFX Application Thread] brainsBeerLogger - Exception while updating Team list cells, e = null
[ERROR] 2017-10-26 14:32:27.731 [JavaFX Application Thread] brainsBeerLogger - Exception while updating Team list cells, e = null
[ERROR] 2017-10-26 14:32:27.731 [JavaFX Application Thread] brainsBeerLogger - Exception while updating Team list cells, e = null
[ERROR] 2017-10-26 14:32:28.819 [JavaFX Application Thread] brainsBeerLogger - Exception while updating Team list cells, e = null
[ERROR] 2017-10-26 14:32:28.835 [JavaFX Application Thread] brainsBeerLogger - Exception while updating Team list cells, e = null
[ERROR] 2017-10-26 14:32:28.835 [JavaFX Application Thread] brainsBeerLogger - Exception while updating Team list cells, e = null
[ERROR] 2017-10-26 14:32:28.851 [JavaFX Application Thread] brainsBeerLogger - Exception while updating Team list cells, e = null
[ERROR] 2017-10-26 14:32:28.852 [JavaFX Application Thread] brainsBeerLogger - Exception while updating Team list cells, e = null
[ERROR] 2017-10-26 14:32:28.948 [JavaFX Application Thread] brainsBeerLogger - Exception while updating Team list cells, e = null
[ERROR] 2017-10-26 14:32:28.956 [JavaFX Application Thread] brainsBeerLogger - Exception while updating Team list cells, e = null
[ERROR] 2017-10-26 14:32:28.957 [JavaFX Application Thread] brainsBeerLogger - Exception while updating Team list cells, e = null
[ERROR] 2017-10-26 14:32:28.964 [JavaFX Application Thread] brainsBeerLogger - Exception while updating Team list cells, e = null
[ERROR] 2017-10-26 14:32:28.965 [JavaFX Application Thread] brainsBeerLogger - Exception while updating Team list cells, e = null
[ERROR] 2017-10-26 14:32:29.067 [JavaFX Application Thread] brainsBeerLogger - Exception while updating Team list cells, e = null
[ERROR] 2017-10-26 14:32:29.075 [JavaFX Application Thread] brainsBeerLogger - Exception while updating Team list cells, e = null
[ERROR] 2017-10-26 14:32:29.075 [JavaFX Application Thread] brainsBeerLogger - Exception while updating Team list cells, e = null
[ERROR] 2017-10-26 14:32:29.083 [JavaFX Application Thread] brainsBeerLogger - Exception while updating Team list cells, e = null
[ERROR] 2017-10-26 14:32:29.083 [JavaFX Application Thread] brainsBeerLogger - Exception while updating Team list cells, e = null
[ERROR] 2017-10-26 14:32:29.147 [JavaFX Application Thread] brainsBeerLogger - Exception while updating Team list cells, e = null
[ERROR] 2017-10-26 14:32:29.163 [JavaFX Application Thread] brainsBeerLogger - Exception while updating Team list cells, e = null
[ERROR] 2017-10-26 14:32:29.163 [JavaFX Application Thread] brainsBeerLogger - Exception while updating Team list cells, e = null
[ERROR] 2017-10-26 14:32:29.170 [JavaFX Application Thread] brainsBeerLogger - Exception while updating Team list cells, e = null
[ERROR] 2017-10-26 14:32:29.171 [JavaFX Application Thread] brainsBeerLogger - Exception while updating Team list cells, e = null
[ERROR] 2017-10-26 14:32:29.251 [JavaFX Application Thread] brainsBeerLogger - Exception while updating Team list cells, e = null
[ERROR] 2017-10-26 14:32:29.259 [JavaFX Application Thread] brainsBeerLogger - Exception while updating Team list cells, e = null
[ERROR] 2017-10-26 14:32:29.260 [JavaFX Application Thread] brainsBeerLogger - Exception while updating Team list cells, e = null
[ERROR] 2017-10-26 14:32:29.275 [JavaFX Application Thread] brainsBeerLogger - Exception while updating Team list cells, e = null
[ERROR] 2017-10-26 14:32:29.276 [JavaFX Application Thread] brainsBeerLogger - Exception while updating Team list cells, e = null
[ERROR] 2017-10-26 14:32:29.322 [JavaFX Application Thread] brainsBeerLogger - Exception while updating Team list cells, e = null
[ERROR] 2017-10-26 14:32:29.330 [JavaFX Application Thread] brainsBeerLogger - Exception while updating Team list cells, e = null
[ERROR] 2017-10-26 14:32:29.330 [JavaFX Application Thread] brainsBeerLogger - Exception while updating Team list cells, e = null
[ERROR] 2017-10-26 14:32:29.347 [JavaFX Application Thread] brainsBeerLogger - Exception while updating Team list cells, e = null
[ERROR] 2017-10-26 14:32:29.347 [JavaFX Application Thread] brainsBeerLogger - Exception while updating Team list cells, e = null
[ERROR] 2017-10-26 14:32:29.411 [JavaFX Application Thread] brainsBeerLogger - Exception while updating Team list cells, e = null
[ERROR] 2017-10-26 14:32:29.426 [JavaFX Application Thread] brainsBeerLogger - Exception while updating Team list cells, e = null
[ERROR] 2017-10-26 14:32:29.427 [JavaFX Application Thread] brainsBeerLogger - Exception while updating Team list cells, e = null
[ERROR] 2017-10-26 14:32:29.434 [JavaFX Application Thread] brainsBeerLogger - Exception while updating Team list cells, e = null
[ERROR] 2017-10-26 14:32:29.435 [JavaFX Application Thread] brainsBeerLogger - Exception while updating Team list cells, e = null
[ERROR] 2017-10-26 14:32:30.660 [JavaFX Application Thread] brainsBeerLogger - Exception while updating Team list cells, e = null
[ERROR] 2017-10-26 14:32:30.676 [JavaFX Application Thread] brainsBeerLogger - Exception while updating Team list cells, e = null
[ERROR] 2017-10-26 14:32:30.676 [JavaFX Application Thread] brainsBeerLogger - Exception while updating Team list cells, e = null
[ERROR] 2017-10-26 14:32:30.692 [JavaFX Application Thread] brainsBeerLogger - Exception while updating Team list cells, e = null
[ERROR] 2017-10-26 14:32:30.693 [JavaFX Application Thread] brainsBeerLogger - Exception while updating Team list cells, e = null
[ERROR] 2017-10-26 14:32:30.788 [JavaFX Application Thread] brainsBeerLogger - Exception while updating Team list cells, e = null
[ERROR] 2017-10-26 14:32:30.804 [JavaFX Application Thread] brainsBeerLogger - Exception while updating Team list cells, e = null
[ERROR] 2017-10-26 14:32:30.804 [JavaFX Application Thread] brainsBeerLogger - Exception while updating Team list cells, e = null
[ERROR] 2017-10-26 14:32:30.820 [JavaFX Application Thread] brainsBeerLogger - Exception while updating Team list cells, e = null
[ERROR] 2017-10-26 14:32:30.820 [JavaFX Application Thread] brainsBeerLogger - Exception while updating Team list cells, e = null
[ERROR] 2017-10-26 14:32:30.891 [JavaFX Application Thread] brainsBeerLogger - Exception while updating Team list cells, e = null
[ERROR] 2017-10-26 14:32:30.900 [JavaFX Application Thread] brainsBeerLogger - Exception while updating Team list cells, e = null
[ERROR] 2017-10-26 14:32:30.901 [JavaFX Application Thread] brainsBeerLogger - Exception while updating Team list cells, e = null
[ERROR] 2017-10-26 14:32:30.972 [JavaFX Application Thread] brainsBeerLogger - Exception while updating Team list cells, e = null
[ERROR] 2017-10-26 14:32:30.979 [JavaFX Application Thread] brainsBeerLogger - Exception while updating Team list cells, e = null
[ERROR] 2017-10-26 14:32:30.980 [JavaFX Application Thread] brainsBeerLogger - Exception while updating Team list cells, e = null
[ERROR] 2017-10-26 14:32:31.708 [JavaFX Application Thread] brainsBeerLogger - Exception while updating Team list cells, e = null
[ERROR] 2017-10-26 14:32:31.723 [JavaFX Application Thread] brainsBeerLogger - Exception while updating Team list cells, e = null
[ERROR] 2017-10-26 14:32:31.724 [JavaFX Application Thread] brainsBeerLogger - Exception while updating Team list cells, e = null
[ERROR] 2017-10-26 14:32:31.731 [JavaFX Application Thread] brainsBeerLogger - Exception while updating Team list cells, e = null
[ERROR] 2017-10-26 14:32:31.732 [JavaFX Application Thread] brainsBeerLogger - Exception while updating Team list cells, e = null
[ERROR] 2017-10-26 14:32:31.995 [JavaFX Application Thread] brainsBeerLogger - Exception while updating Team list cells, e = null
[ERROR] 2017-10-26 14:32:32.011 [JavaFX Application Thread] brainsBeerLogger - Exception while updating Team list cells, e = null
[ERROR] 2017-10-26 14:32:32.012 [JavaFX Application Thread] brainsBeerLogger - Exception while updating Team list cells, e = null
[ERROR] 2017-10-26 14:32:32.019 [JavaFX Application Thread] brainsBeerLogger - Exception while updating Team list cells, e = null
[ERROR] 2017-10-26 14:32:32.020 [JavaFX Application Thread] brainsBeerLogger - Exception while updating Team list cells, e = null
[ERROR] 2017-10-26 14:32:32.292 [JavaFX Application Thread] brainsBeerLogger - Exception while updating Team list cells, e = null
[ERROR] 2017-10-26 14:32:32.308 [JavaFX Application Thread] brainsBeerLogger - Exception while updating Team list cells, e = null
[ERROR] 2017-10-26 14:32:32.309 [JavaFX Application Thread] brainsBeerLogger - Exception while updating Team list cells, e = null
[ERROR] 2017-10-26 14:32:32.315 [JavaFX Application Thread] brainsBeerLogger - Exception while updating Team list cells, e = null
[ERROR] 2017-10-26 14:32:32.316 [JavaFX Application Thread] brainsBeerLogger - Exception while updating Team list cells, e = null
[ERROR] 2017-10-26 14:32:32.620 [JavaFX Application Thread] brainsBeerLogger - Exception while updating Team list cells, e = null
[ERROR] 2017-10-26 14:32:32.636 [JavaFX Application Thread] brainsBeerLogger - Exception while updating Team list cells, e = null
[ERROR] 2017-10-26 14:32:32.637 [JavaFX Application Thread] brainsBeerLogger - Exception while updating Team list cells, e = null
[ERROR] 2017-10-26 14:32:32.644 [JavaFX Application Thread] brainsBeerLogger - Exception while updating Team list cells, e = null
[ERROR] 2017-10-26 14:32:32.644 [JavaFX Application Thread] brainsBeerLogger - Exception while updating Team list cells, e = null
[ERROR] 2017-10-26 14:32:37.076 [JavaFX Application Thread] brainsBeerLogger - Exception while updating Team list cells, e = null
[ERROR] 2017-10-26 14:32:37.099 [JavaFX Application Thread] brainsBeerLogger - Exception while updating Team list cells, e = null
[ERROR] 2017-10-26 14:32:37.100 [JavaFX Application Thread] brainsBeerLogger - Exception while updating Team list cells, e = null
[ERROR] 2017-10-26 14:32:37.116 [JavaFX Application Thread] brainsBeerLogger - Exception while updating Team list cells, e = null
[ERROR] 2017-10-26 14:32:37.116 [JavaFX Application Thread] brainsBeerLogger - Exception while updating Team list cells, e = null
[ERROR] 2017-10-26 14:32:38.114 [JavaFX Application Thread] brainsBeerLogger - Exception while updating Team list cells, e = null
[ERROR] 2017-10-26 14:32:38.139 [JavaFX Application Thread] brainsBeerLogger - Exception while updating Team list cells, e = null
[ERROR] 2017-10-26 14:32:38.139 [JavaFX Application Thread] brainsBeerLogger - Exception while updating Team list cells, e = null
[ERROR] 2017-10-26 14:32:38.171 [JavaFX Application Thread] brainsBeerLogger - Exception while updating Team list cells, e = null
[ERROR] 2017-10-26 14:32:38.172 [JavaFX Application Thread] brainsBeerLogger - Exception while updating Team list cells, e = null
[ERROR] 2017-10-26 14:32:38.547 [JavaFX Application Thread] brainsBeerLogger - Exception while updating Team list cells, e = null
[ERROR] 2017-10-26 14:32:38.604 [JavaFX Application Thread] brainsBeerLogger - Exception while updating Team list cells, e = null
[ERROR] 2017-10-26 14:32:38.604 [JavaFX Application Thread] brainsBeerLogger - Exception while updating Team list cells, e = null
[ERROR] 2017-10-26 14:32:38.795 [JavaFX Application Thread] brainsBeerLogger - Exception while updating Team list cells, e = null
[ERROR] 2017-10-26 14:32:38.819 [JavaFX Application Thread] brainsBeerLogger - Exception while updating Team list cells, e = null
[ERROR] 2017-10-26 14:32:38.820 [JavaFX Application Thread] brainsBeerLogger - Exception while updating Team list cells, e = null
[INFO ] 2017-10-26 14:33:01.481 [JavaFX-Launcher] brainsBeerLogger - Loading test data...
[INFO ] 2017-10-26 14:33:01.482 [JavaFX-Launcher] brainsBeerLogger - Loading test teams data...
[INFO ] 2017-10-26 14:33:01.581 [JavaFX-Launcher] brainsBeerLogger - Loading test games...
[INFO ] 2017-10-26 14:35:24.252 [JavaFX-Launcher] brainsBeerLogger - Loading test data...
[INFO ] 2017-10-26 14:35:24.253 [JavaFX-Launcher] brainsBeerLogger - Loading test teams data...
[INFO ] 2017-10-26 14:35:24.303 [JavaFX-Launcher] brainsBeerLogger - Loading test games...
[ERROR] 2017-10-26 14:36:07.706 [JavaFX Application Thread] brainsBeerLogger - Exception while updating Team list cells, e = Controller value already specified.
/C:/Intellij_projects/brains_beer/target/classes/views/TeamListCell.fxml:10

[ERROR] 2017-10-26 14:36:09.447 [JavaFX Application Thread] brainsBeerLogger - Exception while updating Team list cells, e = Controller value already specified.
/C:/Intellij_projects/brains_beer/target/classes/views/TeamListCell.fxml:10

[ERROR] 2017-10-26 14:36:10.447 [JavaFX Application Thread] brainsBeerLogger - Exception while updating Team list cells, e = Controller value already specified.
/C:/Intellij_projects/brains_beer/target/classes/views/TeamListCell.fxml:10

[ERROR] 2017-10-26 14:36:10.452 [JavaFX Application Thread] brainsBeerLogger - Exception while updating Team list cells, e = Controller value already specified.
/C:/Intellij_projects/brains_beer/target/classes/views/TeamListCell.fxml:10

[ERROR] 2017-10-26 14:36:10.455 [JavaFX Application Thread] brainsBeerLogger - Exception while updating Team list cells, e = Controller value already specified.
/C:/Intellij_projects/brains_beer/target/classes/views/TeamListCell.fxml:10

[ERROR] 2017-10-26 14:36:10.460 [JavaFX Application Thread] brainsBeerLogger - Exception while updating Team list cells, e = Controller value already specified.
/C:/Intellij_projects/brains_beer/target/classes/views/TeamListCell.fxml:10

[ERROR] 2017-10-26 14:36:10.464 [JavaFX Application Thread] brainsBeerLogger - Exception while updating Team list cells, e = Controller value already specified.
/C:/Intellij_projects/brains_beer/target/classes/views/TeamListCell.fxml:10

[ERROR] 2017-10-26 14:36:13.227 [JavaFX Application Thread] brainsBeerLogger - Exception while updating Team list cells, e = null
[ERROR] 2017-10-26 14:36:13.233 [JavaFX Application Thread] brainsBeerLogger - Exception while updating Team list cells, e = Controller value already specified.
/C:/Intellij_projects/brains_beer/target/classes/views/TeamListCell.fxml:10

[ERROR] 2017-10-26 14:36:13.238 [JavaFX Application Thread] brainsBeerLogger - Exception while updating Team list cells, e = null
[ERROR] 2017-10-26 14:36:13.238 [JavaFX Application Thread] brainsBeerLogger - Exception while updating Team list cells, e = null
[ERROR] 2017-10-26 14:36:13.250 [JavaFX Application Thread] brainsBeerLogger - Exception while updating Team list cells, e = null
[ERROR] 2017-10-26 14:36:13.250 [JavaFX Application Thread] brainsBeerLogger - Exception while updating Team list cells, e = null
[ERROR] 2017-10-26 14:36:13.434 [JavaFX Application Thread] brainsBeerLogger - Exception while updating Team list cells, e = null
[ERROR] 2017-10-26 14:36:13.450 [JavaFX Application Thread] brainsBeerLogger - Exception while updating Team list cells, e = null
[ERROR] 2017-10-26 14:36:13.450 [JavaFX Application Thread] brainsBeerLogger - Exception while updating Team list cells, e = null
[ERROR] 2017-10-26 14:36:13.466 [JavaFX Application Thread] brainsBeerLogger - Exception while updating Team list cells, e = null
[ERROR] 2017-10-26 14:36:13.466 [JavaFX Application Thread] brainsBeerLogger - Exception while updating Team list cells, e = null
[ERROR] 2017-10-26 14:36:13.667 [JavaFX Application Thread] brainsBeerLogger - Exception while updating Team list cells, e = null
[ERROR] 2017-10-26 14:36:13.682 [JavaFX Application Thread] brainsBeerLogger - Exception while updating Team list cells, e = null
[ERROR] 2017-10-26 14:36:13.683 [JavaFX Application Thread] brainsBeerLogger - Exception while updating Team list cells, e = null
[ERROR] 2017-10-26 14:36:13.691 [JavaFX Application Thread] brainsBeerLogger - Exception while updating Team list cells, e = null
[ERROR] 2017-10-26 14:36:13.692 [JavaFX Application Thread] brainsBeerLogger - Exception while updating Team list cells, e = null
[INFO ] 2017-10-26 14:50:07.349 [JavaFX-Launcher] brainsBeerLogger - Loading test data...
[INFO ] 2017-10-26 14:50:07.349 [JavaFX-Launcher] brainsBeerLogger - Loading test teams data...
[INFO ] 2017-10-26 14:50:07.400 [JavaFX-Launcher] brainsBeerLogger - Loading test games...
[ERROR] 2017-10-26 14:50:07.886 [JavaFX Application Thread] brainsBeerLogger - Exception while updating Team list cells, e = Controller value already specified.
/C:/Intellij_projects/brains_beer/target/classes/views/TeamListCell.fxml:10

[ERROR] 2017-10-26 14:50:07.889 [JavaFX Application Thread] brainsBeerLogger - Exception while updating Team list cells, e = Controller value already specified.
/C:/Intellij_projects/brains_beer/target/classes/views/TeamListCell.fxml:10

[ERROR] 2017-10-26 14:50:07.891 [JavaFX Application Thread] brainsBeerLogger - Exception while updating Team list cells, e = Controller value already specified.
/C:/Intellij_projects/brains_beer/target/classes/views/TeamListCell.fxml:10

[ERROR] 2017-10-26 14:50:07.892 [JavaFX Application Thread] brainsBeerLogger - Exception while updating Team list cells, e = Controller value already specified.
/C:/Intellij_projects/brains_beer/target/classes/views/TeamListCell.fxml:10

[ERROR] 2017-10-26 14:50:07.894 [JavaFX Application Thread] brainsBeerLogger - Exception while updating Team list cells, e = Controller value already specified.
/C:/Intellij_projects/brains_beer/target/classes/views/TeamListCell.fxml:10

[ERROR] 2017-10-26 14:50:07.895 [JavaFX Application Thread] brainsBeerLogger - Exception while updating Team list cells, e = Controller value already specified.
/C:/Intellij_projects/brains_beer/target/classes/views/TeamListCell.fxml:10

[ERROR] 2017-10-26 14:50:07.896 [JavaFX Application Thread] brainsBeerLogger - Exception while updating Team list cells, e = Controller value already specified.
/C:/Intellij_projects/brains_beer/target/classes/views/TeamListCell.fxml:10

[ERROR] 2017-10-26 14:50:22.431 [JavaFX Application Thread] brainsBeerLogger - Exception while updating Team list cells, e = Controller value already specified.
/C:/Intellij_projects/brains_beer/target/classes/views/TeamListCell.fxml:10

[INFO ] 2017-10-26 14:51:50.160 [JavaFX-Launcher] brainsBeerLogger - Loading test data...
[INFO ] 2017-10-26 14:51:50.160 [JavaFX-Launcher] brainsBeerLogger - Loading test teams data...
[INFO ] 2017-10-26 14:51:50.227 [JavaFX-Launcher] brainsBeerLogger - Loading test games...
[INFO ] 2017-10-26 14:52:41.191 [JavaFX-Launcher] brainsBeerLogger - Loading test data...
[INFO ] 2017-10-26 14:52:41.192 [JavaFX-Launcher] brainsBeerLogger - Loading test teams data...
[INFO ] 2017-10-26 14:52:41.242 [JavaFX-Launcher] brainsBeerLogger - Loading test games...
[INFO ] 2017-10-26 14:53:23.877 [JavaFX Application Thread] brainsBeerLogger - Adding new team.
[INFO ] 2017-10-26 14:54:09.596 [JavaFX Application Thread] brainsBeerLogger - Deleting team.
[INFO ] 2017-10-26 14:54:19.852 [JavaFX Application Thread] brainsBeerLogger - Deleting team.
[INFO ] 2017-10-26 14:59:01.207 [JavaFX-Launcher] brainsBeerLogger - Loading test data...
[INFO ] 2017-10-26 14:59:01.208 [JavaFX-Launcher] brainsBeerLogger - Loading test teams data...
[INFO ] 2017-10-26 14:59:01.257 [JavaFX-Launcher] brainsBeerLogger - Loading test games...
[INFO ] 2017-10-26 15:00:12.573 [JavaFX-Launcher] brainsBeerLogger - Loading test data...
[INFO ] 2017-10-26 15:00:12.573 [JavaFX-Launcher] brainsBeerLogger - Loading test teams data...
[INFO ] 2017-10-26 15:00:12.615 [JavaFX-Launcher] brainsBeerLogger - Loading test games...
[INFO ] 2017-10-26 15:01:09.930 [JavaFX Application Thread] brainsBeerLogger - Adding new game.
[INFO ] 2017-10-26 16:19:28.443 [JavaFX-Launcher] brainsBeerLogger - Loading test data...
[INFO ] 2017-10-26 16:19:28.445 [JavaFX-Launcher] brainsBeerLogger - Loading test teams data...
[INFO ] 2017-10-26 16:19:28.531 [JavaFX-Launcher] brainsBeerLogger - Loading test games...
[INFO ] 2017-10-26 16:20:20.397 [JavaFX-Launcher] brainsBeerLogger - Loading test data...
[INFO ] 2017-10-26 16:20:20.398 [JavaFX-Launcher] brainsBeerLogger - Loading test teams data...
[INFO ] 2017-10-26 16:20:20.444 [JavaFX-Launcher] brainsBeerLogger - Loading test games...
[INFO ] 2017-10-26 16:20:42.642 [JavaFX Application Thread] brainsBeerLogger - Adding new game.
[ERROR] 2017-10-26 16:20:42.667 [JavaFX Application Thread] brainsBeerLogger - Exception while adding a game, e =Invalid game name
[INFO ] 2017-10-26 16:20:44.138 [JavaFX Application Thread] brainsBeerLogger - Adding new game.
[ERROR] 2017-10-26 16:20:44.139 [JavaFX Application Thread] brainsBeerLogger - Exception while adding a game, e =Invalid game name
[INFO ] 2017-10-26 16:20:46.818 [JavaFX Application Thread] brainsBeerLogger - Adding new team.
[ERROR] 2017-10-26 16:20:46.818 [JavaFX Application Thread] brainsBeerLogger - Exception while adding a team, e = For input string: ""
[INFO ] 2017-10-26 16:30:47.756 [JavaFX-Launcher] brainsBeerLogger - Loading test data...
[INFO ] 2017-10-26 16:30:47.757 [JavaFX-Launcher] brainsBeerLogger - Loading test teams data...
[INFO ] 2017-10-26 16:30:47.803 [JavaFX-Launcher] brainsBeerLogger - Loading test games...
[INFO ] 2017-10-26 16:31:43.983 [JavaFX Application Thread] brainsBeerLogger - Adding new team.
[ERROR] 2017-10-26 16:31:43.983 [JavaFX Application Thread] brainsBeerLogger - Exception while adding a team, e = For input string: ""
[INFO ] 2017-10-26 16:31:45.191 [JavaFX Application Thread] brainsBeerLogger - Deleting team.
[INFO ] 2017-10-26 16:32:26.294 [JavaFX-Launcher] brainsBeerLogger - Loading test data...
[INFO ] 2017-10-26 16:32:26.294 [JavaFX-Launcher] brainsBeerLogger - Loading test teams data...
[INFO ] 2017-10-26 16:32:26.354 [JavaFX-Launcher] brainsBeerLogger - Loading test games...
[INFO ] 2017-10-26 16:32:37.022 [JavaFX Application Thread] brainsBeerLogger - Deleting team.
[INFO ] 2017-10-26 16:39:16.555 [JavaFX-Launcher] brainsBeerLogger - Loading test data...
[INFO ] 2017-10-26 16:39:16.556 [JavaFX-Launcher] brainsBeerLogger - Loading test teams data...
[INFO ] 2017-10-26 16:39:16.606 [JavaFX-Launcher] brainsBeerLogger - Loading test games...
[INFO ] 2017-10-26 16:43:42.599 [JavaFX-Launcher] brainsBeerLogger - Loading test data...
[INFO ] 2017-10-26 16:43:42.600 [JavaFX-Launcher] brainsBeerLogger - Loading test teams data...
[INFO ] 2017-10-26 16:43:42.644 [JavaFX-Launcher] brainsBeerLogger - Loading test games...
[INFO ] 2017-10-26 16:43:42.649 [JavaFX-Launcher] brainsBeerLogger - Loading test rounds...
[INFO ] 2017-10-26 16:44:34.674 [JavaFX Application Thread] brainsBeerLogger - Deleting team.
[ERROR] 2017-10-26 16:44:34.703 [JavaFX Application Thread] brainsBeerLogger - Exception while deleting a game, e = Cannot find this game in the database.
[INFO ] 2017-10-26 16:45:07.514 [JavaFX Application Thread] brainsBeerLogger - Adding new game.
[INFO ] 2017-10-26 17:10:56.964 [JavaFX-Launcher] brainsBeerLogger - Loading test data...
[INFO ] 2017-10-26 17:10:56.965 [JavaFX-Launcher] brainsBeerLogger - Loading test teams data...
[INFO ] 2017-10-26 17:10:57.010 [JavaFX-Launcher] brainsBeerLogger - Loading test games...
[INFO ] 2017-10-26 17:10:57.016 [JavaFX-Launcher] brainsBeerLogger - Loading test rounds...
[INFO ] 2017-10-26 17:11:01.843 [JavaFX Application Thread] brainsBeerLogger - Mouse click on Mėlynieji kebabai
[INFO ] 2017-10-26 17:11:03.827 [JavaFX Application Thread] brainsBeerLogger - Mouse click on Kukurūzai
[INFO ] 2017-10-26 17:11:05.163 [JavaFX Application Thread] brainsBeerLogger - Mouse click on Žagarėliai
[INFO ] 2017-10-26 17:11:09.178 [JavaFX Application Thread] brainsBeerLogger - Mouse click on Žagarėliai
[INFO ] 2017-10-26 17:11:10.107 [JavaFX Application Thread] brainsBeerLogger - Mouse click on Kukurūzai
[INFO ] 2017-10-26 17:11:11.690 [JavaFX Application Thread] brainsBeerLogger - Mouse click on Mėlynieji kebabai
[INFO ] 2017-10-26 17:11:11.867 [JavaFX Application Thread] brainsBeerLogger - Mouse click on Mėlynieji kebabai
[INFO ] 2017-10-26 17:11:12.635 [JavaFX Application Thread] brainsBeerLogger - Mouse click on Mėlynieji kebabai
[INFO ] 2017-10-26 17:11:12.826 [JavaFX Application Thread] brainsBeerLogger - Mouse click on Mėlynieji kebabai
[INFO ] 2017-10-26 17:11:13.491 [JavaFX Application Thread] brainsBeerLogger - Mouse click on Imbieriniai Tritaškių princai
[INFO ] 2017-10-26 17:11:13.658 [JavaFX Application Thread] brainsBeerLogger - Mouse click on Imbieriniai Tritaškių princai
[INFO ] 2017-10-26 17:12:16.434 [JavaFX Application Thread] brainsBeerLogger - Mouse click on Kukurūzai
[INFO ] 2017-10-26 17:12:16.843 [JavaFX Application Thread] brainsBeerLogger - Mouse click on Mėlynieji kebabai
[INFO ] 2017-10-26 17:12:19.642 [JavaFX Application Thread] brainsBeerLogger - Mouse click on Mėlynieji kebabai
[INFO ] 2017-10-26 17:12:22.675 [JavaFX Application Thread] brainsBeerLogger - Mouse click on Kukurūzai
[INFO ] 2017-10-26 17:12:27.259 [JavaFX Application Thread] brainsBeerLogger - Mouse click on Žagarėliai
[INFO ] 2017-10-26 17:12:28.266 [JavaFX Application Thread] brainsBeerLogger - Mouse click on Begėdžiai
[INFO ] 2017-10-26 17:12:29.138 [JavaFX Application Thread] brainsBeerLogger - Mouse click on Barsuko Nagas
[INFO ] 2017-10-26 17:12:29.618 [JavaFX Application Thread] brainsBeerLogger - Mouse click on Tamsos Greitis
