[INFO ] 2018-04-30 14:43:49.081 [JavaFX-Launcher] brainsBeerLogger - Loading test data...
[INFO ] 2018-04-30 14:43:49.092 [JavaFX-Launcher] brainsBeerLogger - Loading test teams data...
[INFO ] 2018-04-30 14:43:49.163 [JavaFX-Launcher] brainsBeerLogger - Loading test games...
[INFO ] 2018-04-30 14:43:49.170 [JavaFX-Launcher] brainsBeerLogger - Loading test round types...
[INFO ] 2018-04-30 14:43:49.176 [JavaFX-Launcher] brainsBeerLogger - Loading test rounds...
[INFO ] 2018-04-30 14:43:49.339 [JavaFX-Launcher] brainsBeerLogger - Loading test questions...
[INFO ] 2018-04-30 14:44:12.810 [JavaFX-Launcher] brainsBeerLogger - Downloading 5 images...
[INFO ] 2018-04-30 14:44:12.810 [pool-4-thread-1] brainsBeerLogger - Downloading image for question nr. 1
[INFO ] 2018-04-30 14:44:35.880 [pool-4-thread-1] brainsBeerLogger - Downloading task is finished with question nr. 1
[INFO ] 2018-04-30 14:44:35.881 [pool-4-thread-3] brainsBeerLogger - Downloading image for question nr. 3
[INFO ] 2018-04-30 14:44:37.620 [pool-4-thread-3] brainsBeerLogger - Downloading task is finished with question nr. 3
[INFO ] 2018-04-30 14:44:37.621 [pool-4-thread-5] brainsBeerLogger - Downloading image for question nr. 5
[INFO ] 2018-04-30 14:44:38.920 [pool-4-thread-5] brainsBeerLogger - Downloading task is finished with question nr. 5
[INFO ] 2018-04-30 14:44:38.920 [pool-4-thread-4] brainsBeerLogger - Downloading image for question nr. 4
[INFO ] 2018-04-30 14:44:40.057 [pool-4-thread-4] brainsBeerLogger - Downloading task is finished with question nr. 4
[INFO ] 2018-04-30 14:44:40.058 [pool-4-thread-2] brainsBeerLogger - Downloading image for question nr. 2
[INFO ] 2018-04-30 14:44:40.560 [pool-4-thread-2] brainsBeerLogger - Downloading task is finished with question nr. 2
[INFO ] 2018-04-30 14:45:14.570 [JavaFX-Launcher] brainsBeerLogger - Images have been downloaded.
[INFO ] 2018-04-30 14:45:42.131 [JavaFX-Launcher] brainsBeerLogger - Loading test data...
[INFO ] 2018-04-30 14:45:42.132 [JavaFX-Launcher] brainsBeerLogger - Loading test teams data...
[INFO ] 2018-04-30 14:45:42.219 [JavaFX-Launcher] brainsBeerLogger - Loading test games...
[INFO ] 2018-04-30 14:45:42.232 [JavaFX-Launcher] brainsBeerLogger - Loading test round types...
[INFO ] 2018-04-30 14:45:42.242 [JavaFX-Launcher] brainsBeerLogger - Loading test rounds...
[INFO ] 2018-04-30 14:45:42.495 [JavaFX-Launcher] brainsBeerLogger - Loading test questions...
[INFO ] 2018-04-30 14:45:47.296 [JavaFX-Launcher] brainsBeerLogger - Downloading 5 images...
[INFO ] 2018-04-30 14:45:47.296 [pool-4-thread-1] brainsBeerLogger - Downloading image for question nr. 1
[INFO ] 2018-04-30 14:45:47.296 [pool-4-thread-3] brainsBeerLogger - Downloading image for question nr. 3
[INFO ] 2018-04-30 14:45:47.296 [pool-4-thread-2] brainsBeerLogger - Downloading image for question nr. 2
[INFO ] 2018-04-30 14:45:47.296 [pool-4-thread-5] brainsBeerLogger - Downloading image for question nr. 5
[INFO ] 2018-04-30 14:45:47.296 [pool-4-thread-4] brainsBeerLogger - Downloading image for question nr. 4
[INFO ] 2018-04-30 14:45:48.045 [pool-4-thread-2] brainsBeerLogger - Downloading task is finished with question nr. 2
[INFO ] 2018-04-30 14:45:48.540 [pool-4-thread-4] brainsBeerLogger - Downloading task is finished with question nr. 4
[INFO ] 2018-04-30 14:45:48.953 [pool-4-thread-3] brainsBeerLogger - Downloading task is finished with question nr. 3
[INFO ] 2018-04-30 14:45:50.761 [pool-4-thread-5] brainsBeerLogger - Downloading task is finished with question nr. 5
[INFO ] 2018-04-30 14:45:55.936 [pool-4-thread-1] brainsBeerLogger - Downloading task is finished with question nr. 1
[INFO ] 2018-04-30 14:45:58.939 [JavaFX-Launcher] brainsBeerLogger - Images have been downloaded.
