[INFO ] 2017-10-31 15:00:42.895 [JavaFX-Launcher] brainsBeerLogger - Loading test data...
[INFO ] 2017-10-31 15:00:42.905 [JavaFX-Launcher] brainsBeerLogger - Loading test teams data...
[INFO ] 2017-10-31 15:00:42.961 [JavaFX-Launcher] brainsBeerLogger - Loading test games...
[INFO ] 2017-10-31 15:00:42.968 [JavaFX-Launcher] brainsBeerLogger - Loading test round types...
[INFO ] 2017-10-31 15:00:42.973 [JavaFX-Launcher] brainsBeerLogger - Loading test rounds...
[INFO ] 2017-10-31 15:00:43.172 [JavaFX-Launcher] brainsBeerLogger - Loading test questions...
[INFO ] 2017-10-31 15:00:52.122 [JavaFX Application Thread] brainsBeerLogger - Mouse click on VaizdÅ³ (tvirtovÄ—s)
[INFO ] 2017-10-31 15:00:52.291 [JavaFX Application Thread] brainsBeerLogger - Transferring round VaizdÅ³ (tvirtovÄ—s) to selected ones.
[INFO ] 2017-10-31 15:00:52.292 [JavaFX Application Thread] brainsBeerLogger - Mouse click on VaizdÅ³ (tvirtovÄ—s)
[INFO ] 2017-10-31 15:00:53.531 [JavaFX Application Thread] brainsBeerLogger - Mouse click on KukurÅ«zai
[INFO ] 2017-10-31 15:00:53.715 [JavaFX Application Thread] brainsBeerLogger - Transferring team KukurÅ«zai to selected ones.
[INFO ] 2017-10-31 15:00:53.715 [JavaFX Application Thread] brainsBeerLogger - Mouse click on KukurÅ«zai
[INFO ] 2017-10-31 15:00:54.154 [JavaFX Application Thread] brainsBeerLogger - Mouse click on Å½agarÄ—liai
[INFO ] 2017-10-31 15:00:54.955 [JavaFX Application Thread] brainsBeerLogger - Mouse click on MÄ—lynieji kebabai
[INFO ] 2017-10-31 15:00:55.123 [JavaFX Application Thread] brainsBeerLogger - Transferring team MÄ—lynieji kebabai to selected ones.
[INFO ] 2017-10-31 15:00:55.129 [JavaFX Application Thread] brainsBeerLogger - Mouse click on MÄ—lynieji kebabai
[INFO ] 2017-10-31 15:01:33.594 [JavaFX Application Thread] brainsBeerLogger - Mouse click on Apie ÄŒakÄ… Norris
[INFO ] 2017-10-31 15:01:33.762 [JavaFX Application Thread] brainsBeerLogger - Transferring round Apie ÄŒakÄ… Norris to selected ones.
[INFO ] 2017-10-31 15:01:33.773 [JavaFX Application Thread] brainsBeerLogger - Mouse click on Apie ÄŒakÄ… Norris
[INFO ] 2017-10-31 15:01:34.458 [JavaFX Application Thread] brainsBeerLogger - Mouse click on Apie ÄŒakÄ… Norris
[INFO ] 2017-10-31 15:01:34.594 [JavaFX Application Thread] brainsBeerLogger - Transferring round Apie ÄŒakÄ… Norris to all rounds.
[INFO ] 2017-10-31 15:01:34.595 [JavaFX Application Thread] brainsBeerLogger - Mouse click on Apie ÄŒakÄ… Norris
[INFO ] 2017-10-31 15:01:35.339 [JavaFX Application Thread] brainsBeerLogger - Mouse click on KukurÅ«zai
[INFO ] 2017-10-31 15:01:35.507 [JavaFX Application Thread] brainsBeerLogger - Transferring team KukurÅ«zai to selected ones.
[INFO ] 2017-10-31 15:01:35.513 [JavaFX Application Thread] brainsBeerLogger - Mouse click on KukurÅ«zai
[INFO ] 2017-10-31 15:01:35.938 [JavaFX Application Thread] brainsBeerLogger - Mouse click on Apie ÄŒakÄ… Norris
[INFO ] 2017-10-31 15:01:36.090 [JavaFX Application Thread] brainsBeerLogger - Transferring round Apie ÄŒakÄ… Norris to selected ones.
[INFO ] 2017-10-31 15:01:36.099 [JavaFX Application Thread] brainsBeerLogger - Mouse click on Apie ÄŒakÄ… Norris
[INFO ] 2017-10-31 15:01:36.722 [JavaFX Application Thread] brainsBeerLogger - Mouse click on MÄ—lynieji kebabai
[INFO ] 2017-10-31 15:01:36.874 [JavaFX Application Thread] brainsBeerLogger - Transferring team MÄ—lynieji kebabai to selected ones.
[INFO ] 2017-10-31 15:01:36.880 [JavaFX Application Thread] brainsBeerLogger - Mouse click on MÄ—lynieji kebabai
[INFO ] 2017-11-01 16:41:13.303 [JavaFX-Launcher] brainsBeerLogger - Loading test data...
[INFO ] 2017-11-01 16:41:13.318 [JavaFX-Launcher] brainsBeerLogger - Loading test teams data...
[INFO ] 2017-11-01 16:41:13.365 [JavaFX-Launcher] brainsBeerLogger - Loading test games...
[INFO ] 2017-11-01 16:41:13.378 [JavaFX-Launcher] brainsBeerLogger - Loading test round types...
[INFO ] 2017-11-01 16:41:13.390 [JavaFX-Launcher] brainsBeerLogger - Loading test rounds...
[INFO ] 2017-11-01 16:41:13.577 [JavaFX-Launcher] brainsBeerLogger - Loading test questions...
[INFO ] 2017-11-01 16:41:24.912 [JavaFX Application Thread] brainsBeerLogger - Mouse click on Apie Èakà Norris
[INFO ] 2017-11-01 16:41:25.107 [JavaFX Application Thread] brainsBeerLogger - Transferring round Apie Èakà Norris to selected ones.
[INFO ] 2017-11-01 16:41:25.108 [JavaFX Application Thread] brainsBeerLogger - Mouse click on Apie Èakà Norris
[INFO ] 2017-11-01 16:41:25.888 [JavaFX Application Thread] brainsBeerLogger - Mouse click on Kukurûzai
[INFO ] 2017-11-01 16:41:26.089 [JavaFX Application Thread] brainsBeerLogger - Transferring team Kukurûzai to selected ones.
[INFO ] 2017-11-01 16:41:26.090 [JavaFX Application Thread] brainsBeerLogger - Mouse click on Kukurûzai
[INFO ] 2017-11-01 16:41:26.992 [JavaFX Application Thread] brainsBeerLogger - Mouse click on Mëlynieji kebabai
[INFO ] 2017-11-01 16:41:27.188 [JavaFX Application Thread] brainsBeerLogger - Transferring team Mëlynieji kebabai to selected ones.
[INFO ] 2017-11-01 16:41:27.192 [JavaFX Application Thread] brainsBeerLogger - Mouse click on Mëlynieji kebabai
[INFO ] 2017-11-01 16:41:27.877 [JavaFX Application Thread] brainsBeerLogger - Mouse click on Apie Èakà Norris
[INFO ] 2017-11-01 16:41:28.079 [JavaFX Application Thread] brainsBeerLogger - Transferring round Apie Èakà Norris to all rounds.
[INFO ] 2017-11-01 16:41:28.079 [JavaFX Application Thread] brainsBeerLogger - Mouse click on Apie Èakà Norris
[INFO ] 2017-11-01 16:41:28.834 [JavaFX Application Thread] brainsBeerLogger - Mouse click on Apie Èakà Norris
[INFO ] 2017-11-01 16:41:29.052 [JavaFX Application Thread] brainsBeerLogger - Transferring round Apie Èakà Norris to selected ones.
[INFO ] 2017-11-01 16:41:29.056 [JavaFX Application Thread] brainsBeerLogger - Mouse click on Apie Èakà Norris
[INFO ] 2017-11-01 16:41:29.452 [JavaFX Application Thread] brainsBeerLogger - Mouse click on Muzikinis (Eminem)
[INFO ] 2017-11-01 16:41:29.624 [JavaFX Application Thread] brainsBeerLogger - Transferring round Muzikinis (Eminem) to selected ones.
[INFO ] 2017-11-01 16:41:29.628 [JavaFX Application Thread] brainsBeerLogger - Mouse click on Muzikinis (Eminem)
[INFO ] 2017-11-01 16:41:52.126 [JavaFX Application Thread] brainsBeerLogger - Mouse click on Apie Èakà Norris
[INFO ] 2017-11-01 16:41:52.323 [JavaFX Application Thread] brainsBeerLogger - Transferring round Apie Èakà Norris to all rounds.
[INFO ] 2017-11-01 16:41:52.324 [JavaFX Application Thread] brainsBeerLogger - Mouse click on Apie Èakà Norris
[INFO ] 2017-11-01 16:41:53.846 [JavaFX Application Thread] brainsBeerLogger - Mouse click on Muzikinis (Eminem)
[INFO ] 2017-11-01 16:41:54.046 [JavaFX Application Thread] brainsBeerLogger - Transferring round Muzikinis (Eminem) to all rounds.
[INFO ] 2017-11-01 16:41:54.047 [JavaFX Application Thread] brainsBeerLogger - Mouse click on Muzikinis (Eminem)
[INFO ] 2017-11-01 16:41:55.047 [JavaFX Application Thread] brainsBeerLogger - Mouse click on Mëlynieji kebabai
[INFO ] 2017-11-01 16:41:55.233 [JavaFX Application Thread] brainsBeerLogger - Transferring team Mëlynieji kebabai to all teams.
[INFO ] 2017-11-01 16:41:55.234 [JavaFX Application Thread] brainsBeerLogger - Mouse click on Mëlynieji kebabai
